2021-12-09 14:25:07,177 | ERROR | crawling | crawling_main() | crawling | C003/304/3401/report | Exception FileNotFoundError
2021-12-09 14:25:07,177 | ERROR | crawling | crawling_main() | crawling | C003/304/3401/report | Exception FileNotFoundError
2021-12-09 14:27:35,035 | ERROR | crawling | crawling_main() | crawling | C003/304/3401/report | Exception FileNotFoundError
2021-12-09 14:27:35,035 | ERROR | crawling | crawling_main() | crawling | C003/304/3401/report | Exception FileNotFoundError
2021-12-09 14:28:11,997 | ERROR | crawling | crawling_main() | crawling | C003/304/3401/report | Exception FileNotFoundError
2021-12-09 14:28:11,997 | ERROR | crawling | crawling_main() | crawling | C003/304/3401/report | Exception FileNotFoundError
2021-12-09 14:30:47,398 | ERROR | crawling | crawling_main() | crawling | C003/304/3401/report | Exception 'paging_data'
2021-12-09 14:30:47,398 | ERROR | crawling | crawling_main() | crawling | C003/304/3401/report | Exception 'paging_data'
2021-12-09 14:32:05,092 | INFO | crawling | crawling_main() | crawling | C003/304/3401/report | 크롤링 시작
2021-12-09 14:32:05,092 | INFO | crawling | crawling_main() | crawling | C003/304/3401/report | 크롤링 시작
2021-12-09 14:32:05,121 | INFO | crawling | crawling_main() | crawling | C003/304/3401/report | 1 페이지
2021-12-09 14:32:05,121 | INFO | crawling | crawling_main() | crawling | C003/304/3401/report | 1 페이지
2021-12-09 14:32:07,205 | INFO | crawling | crawling_main() | crawling | C003/304/3401/report | 2 페이지
2021-12-09 14:32:07,205 | INFO | crawling | crawling_main() | crawling | C003/304/3401/report | 2 페이지
2021-12-09 14:32:15,929 | ERROR | crawling | crawling_main() | crawling | C003/304/3401/report | Exception Message: stale element reference: element is not attached to the page document  (Session info: chrome=96.0.4664.45)
2021-12-09 14:32:15,929 | ERROR | crawling | crawling_main() | crawling | C003/304/3401/report | Exception Message: stale element reference: element is not attached to the page document  (Session info: chrome=96.0.4664.45)
2021-12-09 14:33:12,620 | INFO | crawling | crawling_main() | crawling | C003/304/3401/report | 크롤링 시작
2021-12-09 14:33:12,620 | INFO | crawling | crawling_main() | crawling | C003/304/3401/report | 크롤링 시작
2021-12-09 14:33:12,651 | INFO | crawling | crawling_main() | crawling | C003/304/3401/report | 1 페이지
2021-12-09 14:33:12,651 | INFO | crawling | crawling_main() | crawling | C003/304/3401/report | 1 페이지
2021-12-09 14:33:14,712 | INFO | crawling | crawling_main() | crawling | C003/304/3401/report | 2 페이지
2021-12-09 14:33:14,712 | INFO | crawling | crawling_main() | crawling | C003/304/3401/report | 2 페이지
2021-12-09 14:33:34,301 | INFO | crawling | crawling_main() | crawling | C003/304/3401/report | 크롤링 시작
2021-12-09 14:33:34,301 | INFO | crawling | crawling_main() | crawling | C003/304/3401/report | 크롤링 시작
2021-12-09 14:33:34,330 | INFO | crawling | crawling_main() | crawling | C003/304/3401/report | 1 페이지
2021-12-09 14:33:34,330 | INFO | crawling | crawling_main() | crawling | C003/304/3401/report | 1 페이지
2021-12-09 14:33:34,349 | INFO | crawling | crawling_main() | crawling | C003/304/3401/report | 크롤링 대상 : 5 건
2021-12-09 14:33:34,349 | INFO | crawling | crawling_main() | crawling | C003/304/3401/report | 크롤링 대상 : 5 건
2021-12-09 14:40:49,004 | INFO | crawling | crawling_main() | crawling | C003/304/3401/report | 크롤링 시작
2021-12-09 14:40:49,004 | INFO | crawling | crawling_main() | crawling | C003/304/3401/report | 크롤링 시작
2021-12-09 14:41:42,867 | INFO | crawling | crawling_main() | 1d | Arms Control Association | C003/304/3401/report | 크롤링 시작
2021-12-09 14:41:42,867 | INFO | crawling | crawling_main() | 1d | Arms Control Association | C003/304/3401/report | 크롤링 시작
2021-12-09 14:41:43,010 | INFO | crawling | crawling_main() | crawling | C003/304/3401/report | 1 페이지
2021-12-09 14:41:43,010 | INFO | crawling | crawling_main() | crawling | C003/304/3401/report | 1 페이지
2021-12-09 14:42:20,429 | INFO | crawling | crawling_main() | 1d | Arms Control Association | C003/304/3401/report | 크롤링 시작
2021-12-09 14:42:20,429 | INFO | crawling | crawling_main() | 1d | Arms Control Association | C003/304/3401/report | 크롤링 시작
2021-12-09 14:42:20,498 | INFO | crawling | crawling_main() | crawling | C003/304/3401/report | 1 페이지
2021-12-09 14:42:20,498 | INFO | crawling | crawling_main() | crawling | C003/304/3401/report | 1 페이지
2021-12-09 14:43:54,995 | INFO | crawling | crawling_main() | 1d | Arms Control Association | C003/304/3401/report | 크롤링 시작
2021-12-09 14:43:54,995 | INFO | crawling | crawling_main() | 1d | Arms Control Association | C003/304/3401/report | 크롤링 시작
2021-12-09 14:43:55,174 | INFO | crawling | crawling_main() | 1d | Arms Control Association | C003/304/3401/report | 1 페이지
2021-12-09 14:43:55,174 | INFO | crawling | crawling_main() | 1d | Arms Control Association | C003/304/3401/report | 1 페이지
2021-12-09 14:43:57,244 | INFO | crawling | crawling_main() | 1d | Arms Control Association | C003/304/3401/report | 2 페이지
2021-12-09 14:43:57,244 | INFO | crawling | crawling_main() | 1d | Arms Control Association | C003/304/3401/report | 2 페이지
2021-12-09 14:45:58,190 | INFO | crawling | crawling_main() | 1d | Arms Control Association | C003/304/3401/report | 크롤링 시작
2021-12-09 14:45:58,190 | INFO | crawling | crawling_main() | 1d | Arms Control Association | C003/304/3401/report | 크롤링 시작
2021-12-09 14:45:58,212 | INFO | crawling | crawling_main() | 1d | Arms Control Association | C003/304/3401/report | 1 페이지
2021-12-09 14:45:58,212 | INFO | crawling | crawling_main() | 1d | Arms Control Association | C003/304/3401/report | 1 페이지
2021-12-09 14:46:00,267 | INFO | crawling | crawling_main() | 1d | Arms Control Association | C003/304/3401/report | 2 페이지
2021-12-09 14:46:00,267 | INFO | crawling | crawling_main() | 1d | Arms Control Association | C003/304/3401/report | 2 페이지
2021-12-09 14:57:57,937 | INFO | crawling | crawling_main() | 1d | Arms Control Association | C003/304/3401/report | 크롤링 시작
2021-12-09 14:57:57,937 | INFO | crawling | crawling_main() | 1d | Arms Control Association | C003/304/3401/report | 크롤링 시작
2021-12-09 14:57:57,968 | INFO | crawling | crawling_main() | 1d | Arms Control Association | C003/304/3401/report | 1 페이지
2021-12-09 14:57:57,968 | INFO | crawling | crawling_main() | 1d | Arms Control Association | C003/304/3401/report | 1 페이지
2021-12-09 14:57:57,989 | INFO | crawling | crawling_main() | crawling | C003/304/3401/report | 크롤링 대상 : 5 건
2021-12-09 14:57:57,989 | INFO | crawling | crawling_main() | crawling | C003/304/3401/report | 크롤링 대상 : 5 건
2021-12-09 16:51:49,526 | INFO | crawling | crawling_main() | crawling | C002/203/2301/ifes | 크롤링 시작
2021-12-09 16:51:49,526 | INFO | crawling | crawling_main() | crawling | C002/203/2301/ifes | 크롤링 시작
2021-12-09 16:51:49,551 | INFO | crawling | crawling_main() | crawling | C002/203/2301/ifes | 1 페이지
2021-12-09 16:51:49,551 | INFO | crawling | crawling_main() | crawling | C002/203/2301/ifes | 1 페이지
2021-12-09 16:53:57,248 | INFO | crawling | crawling_main() | crawling | C002/203/2301/ifes | 크롤링 시작
2021-12-09 16:53:57,248 | INFO | crawling | crawling_main() | crawling | C002/203/2301/ifes | 크롤링 시작
2021-12-09 16:53:57,279 | INFO | crawling | crawling_main() | crawling | C002/203/2301/ifes | 1 페이지
2021-12-09 16:53:57,279 | INFO | crawling | crawling_main() | crawling | C002/203/2301/ifes | 1 페이지
2021-12-09 16:53:59,585 | INFO | crawling | crawling_main() | crawling | C002/203/2301/ifes | 2 페이지
2021-12-09 16:53:59,585 | INFO | crawling | crawling_main() | crawling | C002/203/2301/ifes | 2 페이지
2021-12-09 16:54:01,900 | INFO | crawling | crawling_main() | crawling | C002/203/2301/ifes | 3 페이지
2021-12-09 16:54:01,900 | INFO | crawling | crawling_main() | crawling | C002/203/2301/ifes | 3 페이지
2021-12-09 16:54:04,126 | INFO | crawling | crawling_main() | crawling | C002/203/2301/ifes | 4 페이지
2021-12-09 16:54:04,126 | INFO | crawling | crawling_main() | crawling | C002/203/2301/ifes | 4 페이지
2021-12-09 16:54:06,464 | INFO | crawling | crawling_main() | crawling | C002/203/2301/ifes | 5 페이지
2021-12-09 16:54:06,464 | INFO | crawling | crawling_main() | crawling | C002/203/2301/ifes | 5 페이지
2021-12-09 16:54:22,502 | INFO | crawling | crawling_main() | crawling | C002/203/2301/ifes | 크롤링 시작
2021-12-09 16:54:22,502 | INFO | crawling | crawling_main() | crawling | C002/203/2301/ifes | 크롤링 시작
2021-12-09 16:54:22,527 | INFO | crawling | crawling_main() | crawling | C002/203/2301/ifes | 1 페이지
2021-12-09 16:54:22,527 | INFO | crawling | crawling_main() | crawling | C002/203/2301/ifes | 1 페이지
2021-12-09 16:54:22,545 | INFO | crawling | crawling_main() | 1d | 경남대학교 극동문제연구소 | C002/203/2301/ifes | 크롤링 대상 : 10 건
2021-12-09 16:54:22,545 | INFO | crawling | crawling_main() | 1d | 경남대학교 극동문제연구소 | C002/203/2301/ifes | 크롤링 대상 : 10 건
2021-12-09 16:55:42,464 | INFO | crawling | crawling_main() | 1d | 경남대학교 극동문제연구소 | C002/203/2301/ifes | 크롤링 성공 : 1 건
2021-12-09 16:55:42,464 | INFO | crawling | crawling_main() | 1d | 경남대학교 극동문제연구소 | C002/203/2301/ifes | 크롤링 성공 : 1 건
2021-12-09 16:57:56,486 | INFO | crawling | crawling_main() | crawling | C002/203/2301/ifes | 크롤링 시작
2021-12-09 16:57:56,486 | INFO | crawling | crawling_main() | crawling | C002/203/2301/ifes | 크롤링 시작
2021-12-09 16:57:56,519 | INFO | crawling | crawling_main() | crawling | C002/203/2301/ifes | 1 페이지
2021-12-09 16:57:56,519 | INFO | crawling | crawling_main() | crawling | C002/203/2301/ifes | 1 페이지
2021-12-09 16:57:56,542 | INFO | crawling | crawling_main() | crawling | C002/203/2301/ifes | 크롤링 대상 : 10 건
2021-12-09 16:57:56,542 | INFO | crawling | crawling_main() | crawling | C002/203/2301/ifes | 크롤링 대상 : 10 건
2021-12-09 16:59:16,388 | INFO | crawling | crawling_main() | crawling | C002/203/2301/ifes | 크롤링 성공 : 1 건
2021-12-09 16:59:16,388 | INFO | crawling | crawling_main() | crawling | C002/203/2301/ifes | 크롤링 성공 : 1 건
2021-12-09 16:59:18,744 | INFO | crawling | crawling_main() | crawling | C002/203/2301/ifes | 2 페이지
2021-12-09 16:59:18,744 | INFO | crawling | crawling_main() | crawling | C002/203/2301/ifes | 2 페이지
2021-12-09 16:59:18,759 | INFO | crawling | crawling_main() | crawling | C002/203/2301/ifes | 크롤링 대상 : 10 건
2021-12-09 16:59:18,759 | INFO | crawling | crawling_main() | crawling | C002/203/2301/ifes | 크롤링 대상 : 10 건
2021-12-09 16:59:18,783 | INFO | crawling | crawling_main() | crawling | C002/203/2301/ifes | 크롤링 성공 : 0 건
2021-12-09 16:59:18,783 | INFO | crawling | crawling_main() | crawling | C002/203/2301/ifes | 크롤링 성공 : 0 건
2021-12-09 16:59:20,843 | INFO | crawling | crawling_main() | crawling | C002/203/2301/ifes | 3 페이지
2021-12-09 16:59:20,843 | INFO | crawling | crawling_main() | crawling | C002/203/2301/ifes | 3 페이지
2021-12-09 16:59:21,042 | INFO | crawling | crawling_main() | crawling | C002/203/2301/ifes | 크롤링 대상 : 10 건
2021-12-09 16:59:21,042 | INFO | crawling | crawling_main() | crawling | C002/203/2301/ifes | 크롤링 대상 : 10 건
2021-12-09 16:59:21,060 | INFO | crawling | crawling_main() | crawling | C002/203/2301/ifes | 크롤링 성공 : 0 건
2021-12-09 16:59:21,060 | INFO | crawling | crawling_main() | crawling | C002/203/2301/ifes | 크롤링 성공 : 0 건
2021-12-09 16:59:23,382 | INFO | crawling | crawling_main() | crawling | C002/203/2301/ifes | 4 페이지
2021-12-09 16:59:23,382 | INFO | crawling | crawling_main() | crawling | C002/203/2301/ifes | 4 페이지
2021-12-09 16:59:23,396 | INFO | crawling | crawling_main() | crawling | C002/203/2301/ifes | 크롤링 대상 : 10 건
2021-12-09 16:59:23,396 | INFO | crawling | crawling_main() | crawling | C002/203/2301/ifes | 크롤링 대상 : 10 건
2021-12-09 16:59:23,421 | INFO | crawling | crawling_main() | crawling | C002/203/2301/ifes | 크롤링 성공 : 0 건
2021-12-09 16:59:23,421 | INFO | crawling | crawling_main() | crawling | C002/203/2301/ifes | 크롤링 성공 : 0 건
2021-12-09 16:59:25,659 | INFO | crawling | crawling_main() | crawling | C002/203/2301/ifes | 5 페이지
2021-12-09 16:59:25,659 | INFO | crawling | crawling_main() | crawling | C002/203/2301/ifes | 5 페이지
2021-12-09 16:59:25,672 | INFO | crawling | crawling_main() | crawling | C002/203/2301/ifes | 크롤링 대상 : 10 건
2021-12-09 16:59:25,672 | INFO | crawling | crawling_main() | crawling | C002/203/2301/ifes | 크롤링 대상 : 10 건
2021-12-09 16:59:25,696 | INFO | crawling | crawling_main() | crawling | C002/203/2301/ifes | 크롤링 성공 : 0 건
2021-12-09 16:59:25,696 | INFO | crawling | crawling_main() | crawling | C002/203/2301/ifes | 크롤링 성공 : 0 건
2021-12-09 16:59:28,013 | INFO | crawling | crawling_main() | crawling | C002/203/2301/ifes | 6 페이지
2021-12-09 16:59:28,013 | INFO | crawling | crawling_main() | crawling | C002/203/2301/ifes | 6 페이지
2021-12-09 16:59:28,028 | INFO | crawling | crawling_main() | crawling | C002/203/2301/ifes | 크롤링 대상 : 10 건
2021-12-09 16:59:28,028 | INFO | crawling | crawling_main() | crawling | C002/203/2301/ifes | 크롤링 대상 : 10 건
2021-12-09 16:59:28,050 | INFO | crawling | crawling_main() | crawling | C002/203/2301/ifes | 크롤링 성공 : 0 건
2021-12-09 16:59:28,050 | INFO | crawling | crawling_main() | crawling | C002/203/2301/ifes | 크롤링 성공 : 0 건
2021-12-09 16:59:30,120 | INFO | crawling | crawling_main() | crawling | C002/203/2301/ifes | 7 페이지
2021-12-09 16:59:30,120 | INFO | crawling | crawling_main() | crawling | C002/203/2301/ifes | 7 페이지
2021-12-09 16:59:30,327 | INFO | crawling | crawling_main() | crawling | C002/203/2301/ifes | 크롤링 대상 : 9 건
2021-12-09 16:59:30,327 | INFO | crawling | crawling_main() | crawling | C002/203/2301/ifes | 크롤링 대상 : 9 건
2021-12-09 16:59:30,347 | INFO | crawling | crawling_main() | crawling | C002/203/2301/ifes | 크롤링 성공 : 0 건
2021-12-09 16:59:30,347 | INFO | crawling | crawling_main() | crawling | C002/203/2301/ifes | 크롤링 성공 : 0 건
2021-12-09 17:00:06,690 | INFO | crawling | crawling_main() | crawling | C002/203/2301/ifes | 크롤링 종료
2021-12-09 17:00:06,690 | INFO | crawling | crawling_main() | crawling | C002/203/2301/ifes | 크롤링 종료
2021-12-09 17:11:29,535 | INFO | crawling | crawling_main() | crawling | C002/203/2301/ifes | 크롤링 시작
2021-12-09 17:11:29,535 | INFO | crawling | crawling_main() | crawling | C002/203/2301/ifes | 크롤링 시작
2021-12-09 17:11:29,559 | INFO | crawling | crawling_main() | crawling | C002/203/2301/ifes | 1 페이지
2021-12-09 17:11:29,559 | INFO | crawling | crawling_main() | crawling | C002/203/2301/ifes | 1 페이지
2021-12-09 17:11:29,578 | INFO | crawling | crawling_main() | crawling | C002/203/2301/ifes | 크롤링 대상 : 10 건
2021-12-09 17:11:29,578 | INFO | crawling | crawling_main() | crawling | C002/203/2301/ifes | 크롤링 대상 : 10 건
2021-12-09 17:13:09,872 | INFO | crawling | crawling_main() | crawling | C002/203/2301/ifes | 크롤링 성공 : 1 건
2021-12-09 17:13:09,872 | INFO | crawling | crawling_main() | crawling | C002/203/2301/ifes | 크롤링 성공 : 1 건
2021-12-09 17:13:12,250 | INFO | crawling | crawling_main() | crawling | C002/203/2301/ifes | 2 페이지
2021-12-09 17:13:12,250 | INFO | crawling | crawling_main() | crawling | C002/203/2301/ifes | 2 페이지
2021-12-09 17:13:12,265 | INFO | crawling | crawling_main() | crawling | C002/203/2301/ifes | 크롤링 대상 : 10 건
2021-12-09 17:13:12,265 | INFO | crawling | crawling_main() | crawling | C002/203/2301/ifes | 크롤링 대상 : 10 건
2021-12-09 17:13:12,292 | INFO | crawling | crawling_main() | crawling | C002/203/2301/ifes | 크롤링 성공 : 0 건
2021-12-09 17:13:12,292 | INFO | crawling | crawling_main() | crawling | C002/203/2301/ifes | 크롤링 성공 : 0 건
2021-12-09 17:13:14,552 | INFO | crawling | crawling_main() | crawling | C002/203/2301/ifes | 3 페이지
2021-12-09 17:13:14,552 | INFO | crawling | crawling_main() | crawling | C002/203/2301/ifes | 3 페이지
2021-12-09 17:13:14,566 | INFO | crawling | crawling_main() | crawling | C002/203/2301/ifes | 크롤링 대상 : 10 건
2021-12-09 17:13:14,566 | INFO | crawling | crawling_main() | crawling | C002/203/2301/ifes | 크롤링 대상 : 10 건
2021-12-09 17:13:14,589 | INFO | crawling | crawling_main() | crawling | C002/203/2301/ifes | 크롤링 성공 : 0 건
2021-12-09 17:13:14,589 | INFO | crawling | crawling_main() | crawling | C002/203/2301/ifes | 크롤링 성공 : 0 건
2021-12-09 17:13:16,649 | INFO | crawling | crawling_main() | crawling | C002/203/2301/ifes | 4 페이지
2021-12-09 17:13:16,649 | INFO | crawling | crawling_main() | crawling | C002/203/2301/ifes | 4 페이지
2021-12-09 17:13:16,897 | INFO | crawling | crawling_main() | crawling | C002/203/2301/ifes | 크롤링 대상 : 10 건
2021-12-09 17:13:16,897 | INFO | crawling | crawling_main() | crawling | C002/203/2301/ifes | 크롤링 대상 : 10 건
2021-12-09 17:13:16,916 | INFO | crawling | crawling_main() | crawling | C002/203/2301/ifes | 크롤링 성공 : 0 건
2021-12-09 17:13:16,916 | INFO | crawling | crawling_main() | crawling | C002/203/2301/ifes | 크롤링 성공 : 0 건
2021-12-09 17:13:19,189 | INFO | crawling | crawling_main() | crawling | C002/203/2301/ifes | 5 페이지
2021-12-09 17:13:19,189 | INFO | crawling | crawling_main() | crawling | C002/203/2301/ifes | 5 페이지
2021-12-09 17:13:19,204 | INFO | crawling | crawling_main() | crawling | C002/203/2301/ifes | 크롤링 대상 : 10 건
2021-12-09 17:13:19,204 | INFO | crawling | crawling_main() | crawling | C002/203/2301/ifes | 크롤링 대상 : 10 건
2021-12-09 17:13:19,231 | INFO | crawling | crawling_main() | crawling | C002/203/2301/ifes | 크롤링 성공 : 0 건
2021-12-09 17:13:19,231 | INFO | crawling | crawling_main() | crawling | C002/203/2301/ifes | 크롤링 성공 : 0 건
2021-12-09 17:13:21,541 | INFO | crawling | crawling_main() | crawling | C002/203/2301/ifes | 6 페이지
2021-12-09 17:13:21,541 | INFO | crawling | crawling_main() | crawling | C002/203/2301/ifes | 6 페이지
2021-12-09 17:13:21,554 | INFO | crawling | crawling_main() | crawling | C002/203/2301/ifes | 크롤링 대상 : 10 건
2021-12-09 17:13:21,554 | INFO | crawling | crawling_main() | crawling | C002/203/2301/ifes | 크롤링 대상 : 10 건
2021-12-09 17:13:21,578 | INFO | crawling | crawling_main() | crawling | C002/203/2301/ifes | 크롤링 성공 : 0 건
2021-12-09 17:13:21,578 | INFO | crawling | crawling_main() | crawling | C002/203/2301/ifes | 크롤링 성공 : 0 건
2021-12-09 17:24:00,187 | INFO | crawling | crawling_main() | crawling | C002/203/2303/js | 크롤링 시작
2021-12-09 17:24:00,187 | INFO | crawling | crawling_main() | crawling | C002/203/2303/js | 크롤링 시작
2021-12-09 17:24:00,223 | INFO | crawling | crawling_main() | crawling | C002/203/2303/js | 1 페이지
2021-12-09 17:24:00,223 | INFO | crawling | crawling_main() | crawling | C002/203/2303/js | 1 페이지
2021-12-09 17:24:00,231 | INFO | crawling | crawling_main() | crawling | C002/203/2303/js | 크롤링 대상 : 10 건
2021-12-09 17:24:00,231 | INFO | crawling | crawling_main() | crawling | C002/203/2303/js | 크롤링 대상 : 10 건
2021-12-09 17:24:02,423 | ERROR | crawling | crawling_main() | crawling | C002/203/2303/js | Exception name 'event_date' is not defined
2021-12-09 17:24:02,423 | ERROR | crawling | crawling_main() | crawling | C002/203/2303/js | Exception name 'event_date' is not defined
2021-12-09 17:24:17,490 | INFO | crawling | crawling_main() | crawling | C002/203/2303/js | 크롤링 시작
2021-12-09 17:24:17,490 | INFO | crawling | crawling_main() | crawling | C002/203/2303/js | 크롤링 시작
2021-12-09 17:24:17,528 | INFO | crawling | crawling_main() | crawling | C002/203/2303/js | 1 페이지
2021-12-09 17:24:17,528 | INFO | crawling | crawling_main() | crawling | C002/203/2303/js | 1 페이지
2021-12-09 17:24:17,540 | INFO | crawling | crawling_main() | crawling | C002/203/2303/js | 크롤링 대상 : 10 건
2021-12-09 17:24:17,540 | INFO | crawling | crawling_main() | crawling | C002/203/2303/js | 크롤링 대상 : 10 건
2021-12-09 17:24:19,738 | ERROR | crawling | crawling_main() | crawling | C002/203/2303/js | Exception name 'event_date' is not defined
2021-12-09 17:24:19,738 | ERROR | crawling | crawling_main() | crawling | C002/203/2303/js | Exception name 'event_date' is not defined
2021-12-09 17:25:32,877 | INFO | crawling | crawling_main() | crawling | C002/203/2303/js | 크롤링 시작
2021-12-09 17:25:32,877 | INFO | crawling | crawling_main() | crawling | C002/203/2303/js | 크롤링 시작
2021-12-09 17:25:32,913 | INFO | crawling | crawling_main() | crawling | C002/203/2303/js | 1 페이지
2021-12-09 17:25:32,913 | INFO | crawling | crawling_main() | crawling | C002/203/2303/js | 1 페이지
2021-12-09 17:25:32,925 | INFO | crawling | crawling_main() | crawling | C002/203/2303/js | 크롤링 대상 : 10 건
2021-12-09 17:25:32,925 | INFO | crawling | crawling_main() | crawling | C002/203/2303/js | 크롤링 대상 : 10 건
2021-12-09 17:32:20,052 | INFO | crawling | crawling_main() | crawling | C002/203/2303/js | 크롤링 시작
2021-12-09 17:32:20,052 | INFO | crawling | crawling_main() | crawling | C002/203/2303/js | 크롤링 시작
2021-12-09 17:32:20,090 | INFO | crawling | crawling_main() | crawling | C002/203/2303/js | 1 페이지
2021-12-09 17:32:20,090 | INFO | crawling | crawling_main() | crawling | C002/203/2303/js | 1 페이지
2021-12-09 17:32:20,109 | INFO | crawling | crawling_main() | crawling | C002/203/2303/js | 크롤링 대상 : 10 건
2021-12-09 17:32:20,109 | INFO | crawling | crawling_main() | crawling | C002/203/2303/js | 크롤링 대상 : 10 건
2021-12-09 17:37:12,966 | INFO | crawling | crawling_main() | crawling | C002/203/2303/js | 크롤링 성공 : 3 건
2021-12-09 17:37:12,966 | INFO | crawling | crawling_main() | crawling | C002/203/2303/js | 크롤링 성공 : 3 건
2021-12-09 17:37:15,172 | INFO | crawling | crawling_main() | crawling | C002/203/2303/js | 2 페이지
2021-12-09 17:37:15,172 | INFO | crawling | crawling_main() | crawling | C002/203/2303/js | 2 페이지
2021-12-09 17:37:15,190 | INFO | crawling | crawling_main() | crawling | C002/203/2303/js | 크롤링 대상 : 10 건
2021-12-09 17:37:15,190 | INFO | crawling | crawling_main() | crawling | C002/203/2303/js | 크롤링 대상 : 10 건
2021-12-09 17:37:17,231 | INFO | crawling | crawling_main() | crawling | C002/203/2303/js | 크롤링 성공 : 0 건
2021-12-09 17:37:17,231 | INFO | crawling | crawling_main() | crawling | C002/203/2303/js | 크롤링 성공 : 0 건
2021-12-09 17:37:19,399 | INFO | crawling | crawling_main() | crawling | C002/203/2303/js | 3 페이지
2021-12-09 17:37:19,399 | INFO | crawling | crawling_main() | crawling | C002/203/2303/js | 3 페이지
2021-12-09 17:37:19,419 | INFO | crawling | crawling_main() | crawling | C002/203/2303/js | 크롤링 대상 : 10 건
2021-12-09 17:37:19,419 | INFO | crawling | crawling_main() | crawling | C002/203/2303/js | 크롤링 대상 : 10 건
2021-12-09 17:37:21,459 | INFO | crawling | crawling_main() | crawling | C002/203/2303/js | 크롤링 성공 : 0 건
2021-12-09 17:37:21,459 | INFO | crawling | crawling_main() | crawling | C002/203/2303/js | 크롤링 성공 : 0 건
2021-12-09 17:37:23,645 | INFO | crawling | crawling_main() | crawling | C002/203/2303/js | 4 페이지
2021-12-09 17:37:23,645 | INFO | crawling | crawling_main() | crawling | C002/203/2303/js | 4 페이지
2021-12-09 17:37:23,661 | INFO | crawling | crawling_main() | crawling | C002/203/2303/js | 크롤링 대상 : 10 건
2021-12-09 17:37:23,661 | INFO | crawling | crawling_main() | crawling | C002/203/2303/js | 크롤링 대상 : 10 건
2021-12-09 17:37:25,709 | INFO | crawling | crawling_main() | crawling | C002/203/2303/js | 크롤링 성공 : 0 건
2021-12-09 17:37:25,709 | INFO | crawling | crawling_main() | crawling | C002/203/2303/js | 크롤링 성공 : 0 건
2021-12-09 17:37:27,957 | INFO | crawling | crawling_main() | crawling | C002/203/2303/js | 5 페이지
2021-12-09 17:37:27,957 | INFO | crawling | crawling_main() | crawling | C002/203/2303/js | 5 페이지
2021-12-09 17:37:27,970 | INFO | crawling | crawling_main() | crawling | C002/203/2303/js | 크롤링 대상 : 10 건
2021-12-09 17:37:27,970 | INFO | crawling | crawling_main() | crawling | C002/203/2303/js | 크롤링 대상 : 10 건
2021-12-09 17:37:29,997 | INFO | crawling | crawling_main() | crawling | C002/203/2303/js | 크롤링 성공 : 0 건
2021-12-09 17:37:29,997 | INFO | crawling | crawling_main() | crawling | C002/203/2303/js | 크롤링 성공 : 0 건
2021-12-09 17:37:32,172 | INFO | crawling | crawling_main() | crawling | C002/203/2303/js | 6 페이지
2021-12-09 17:37:32,172 | INFO | crawling | crawling_main() | crawling | C002/203/2303/js | 6 페이지
2021-12-09 17:37:32,191 | INFO | crawling | crawling_main() | crawling | C002/203/2303/js | 크롤링 대상 : 10 건
2021-12-09 17:37:32,191 | INFO | crawling | crawling_main() | crawling | C002/203/2303/js | 크롤링 대상 : 10 건
2021-12-09 18:02:23,550 | ERROR | crawling | crawling_main() | crawling | C002/202/2202/army | Exception 'paging_data'
2021-12-09 18:02:23,550 | ERROR | crawling | crawling_main() | crawling | C002/202/2202/army | Exception 'paging_data'
2021-12-09 18:02:49,389 | INFO | crawling | crawling_main() | crawling | C002/202/2202/army | 크롤링 시작
2021-12-09 18:02:49,389 | INFO | crawling | crawling_main() | crawling | C002/202/2202/army | 크롤링 시작
2021-12-09 18:02:49,417 | INFO | crawling | crawling_main() | crawling | C002/202/2202/army | 1 페이지
2021-12-09 18:02:49,417 | INFO | crawling | crawling_main() | crawling | C002/202/2202/army | 1 페이지
2021-12-09 18:02:49,442 | INFO | crawling | crawling_main() | crawling | C002/202/2202/army | 크롤링 대상 : 8 건
2021-12-09 18:02:49,442 | INFO | crawling | crawling_main() | crawling | C002/202/2202/army | 크롤링 대상 : 8 건
2021-12-09 18:02:53,511 | INFO | crawling | crawling_main() | crawling | C002/202/2202/army | 크롤링 성공 : 0 건
2021-12-09 18:02:53,511 | INFO | crawling | crawling_main() | crawling | C002/202/2202/army | 크롤링 성공 : 0 건
2021-12-09 18:03:28,683 | INFO | crawling | crawling_main() | crawling | C002/202/2202/army | 크롤링 종료
2021-12-09 18:03:28,683 | INFO | crawling | crawling_main() | crawling | C002/202/2202/army | 크롤링 종료
2021-12-09 18:07:12,316 | INFO | crawling | crawling_main() | crawling | C002/202/2202/army | 크롤링 시작
2021-12-09 18:07:12,316 | INFO | crawling | crawling_main() | crawling | C002/202/2202/army | 크롤링 시작
2021-12-09 18:07:12,348 | INFO | crawling | crawling_main() | crawling | C002/202/2202/army | 1 페이지
2021-12-09 18:07:12,348 | INFO | crawling | crawling_main() | crawling | C002/202/2202/army | 1 페이지
2021-12-09 18:07:12,371 | INFO | crawling | crawling_main() | crawling | C002/202/2202/army | 크롤링 대상 : 8 건
2021-12-09 18:07:12,371 | INFO | crawling | crawling_main() | crawling | C002/202/2202/army | 크롤링 대상 : 8 건
2021-12-09 18:07:16,448 | INFO | crawling | crawling_main() | crawling | C002/202/2202/army | 크롤링 성공 : 0 건
2021-12-09 18:07:16,448 | INFO | crawling | crawling_main() | crawling | C002/202/2202/army | 크롤링 성공 : 0 건
2021-12-09 18:07:30,051 | INFO | crawling | crawling_main() | crawling | C002/202/2202/army | 크롤링 시작
2021-12-09 18:07:30,051 | INFO | crawling | crawling_main() | crawling | C002/202/2202/army | 크롤링 시작
2021-12-09 18:07:30,077 | INFO | crawling | crawling_main() | crawling | C002/202/2202/army | 1 페이지
2021-12-09 18:07:30,077 | INFO | crawling | crawling_main() | crawling | C002/202/2202/army | 1 페이지
2021-12-09 18:07:30,097 | INFO | crawling | crawling_main() | crawling | C002/202/2202/army | 크롤링 대상 : 8 건
2021-12-09 18:07:30,097 | INFO | crawling | crawling_main() | crawling | C002/202/2202/army | 크롤링 대상 : 8 건
2021-12-09 18:07:34,183 | INFO | crawling | crawling_main() | crawling | C002/202/2202/army | 크롤링 성공 : 0 건
2021-12-09 18:07:34,183 | INFO | crawling | crawling_main() | crawling | C002/202/2202/army | 크롤링 성공 : 0 건
2021-12-09 18:08:20,073 | INFO | crawling | crawling_main() | crawling | C002/202/2202/army | 크롤링 시작
2021-12-09 18:08:20,073 | INFO | crawling | crawling_main() | crawling | C002/202/2202/army | 크롤링 시작
2021-12-09 18:08:20,104 | INFO | crawling | crawling_main() | crawling | C002/202/2202/army | 1 페이지
2021-12-09 18:08:20,104 | INFO | crawling | crawling_main() | crawling | C002/202/2202/army | 1 페이지
2021-12-09 18:08:20,125 | INFO | crawling | crawling_main() | crawling | C002/202/2202/army | 크롤링 대상 : 8 건
2021-12-09 18:08:20,125 | INFO | crawling | crawling_main() | crawling | C002/202/2202/army | 크롤링 대상 : 8 건
2021-12-09 18:08:24,214 | INFO | crawling | crawling_main() | crawling | C002/202/2202/army | 크롤링 성공 : 0 건
2021-12-09 18:08:24,214 | INFO | crawling | crawling_main() | crawling | C002/202/2202/army | 크롤링 성공 : 0 건
2021-12-09 18:08:39,964 | INFO | crawling | crawling_main() | crawling | C002/202/2202/army | 크롤링 시작
2021-12-09 18:08:39,964 | INFO | crawling | crawling_main() | crawling | C002/202/2202/army | 크롤링 시작
2021-12-09 18:08:39,995 | INFO | crawling | crawling_main() | crawling | C002/202/2202/army | 1 페이지
2021-12-09 18:08:39,995 | INFO | crawling | crawling_main() | crawling | C002/202/2202/army | 1 페이지
2021-12-09 18:08:40,023 | INFO | crawling | crawling_main() | crawling | C002/202/2202/army | 크롤링 대상 : 8 건
2021-12-09 18:08:40,023 | INFO | crawling | crawling_main() | crawling | C002/202/2202/army | 크롤링 대상 : 8 건
2021-12-09 18:09:41,706 | INFO | crawling | crawling_main() | crawling | C002/202/2202/army | 크롤링 성공 : 1 건
2021-12-09 18:09:41,706 | INFO | crawling | crawling_main() | crawling | C002/202/2202/army | 크롤링 성공 : 1 건
2021-12-09 18:10:16,958 | INFO | crawling | crawling_main() | crawling | C002/202/2202/army | 크롤링 종료
2021-12-09 18:10:16,958 | INFO | crawling | crawling_main() | crawling | C002/202/2202/army | 크롤링 종료
2021-12-09 18:25:51,220 | INFO | crawling | crawling_main() | crawling | C002/202/2202/army | 크롤링 시작
2021-12-09 18:25:51,220 | INFO | crawling | crawling_main() | crawling | C002/202/2202/army | 크롤링 시작
2021-12-09 18:25:57,281 | INFO | crawling | crawling_main() | crawling | C002/202/2202/army | 1 페이지
2021-12-09 18:25:57,281 | INFO | crawling | crawling_main() | crawling | C002/202/2202/army | 1 페이지
2021-12-09 18:26:02,295 | INFO | crawling | crawling_main() | crawling | C002/202/2202/army | 크롤링 대상 : 8 건
2021-12-09 18:26:02,295 | INFO | crawling | crawling_main() | crawling | C002/202/2202/army | 크롤링 대상 : 8 건
2021-12-09 18:26:02,340 | INFO | crawling | crawling_main() | crawling | C002/202/2202/army | 크롤링 대상 : 8 건
2021-12-09 18:26:02,340 | INFO | crawling | crawling_main() | crawling | C002/202/2202/army | 크롤링 대상 : 8 건
2021-12-09 18:26:06,408 | INFO | crawling | crawling_main() | crawling | C002/202/2202/army | 크롤링 성공 : 0 건
2021-12-09 18:26:06,408 | INFO | crawling | crawling_main() | crawling | C002/202/2202/army | 크롤링 성공 : 0 건
2021-12-09 18:26:09,954 | WARNING | Retrying (Retry(total=2, connect=None, read=None, redirect=None, status=None)) after connection broken by 'NewConnectionError('<urllib3.connection.HTTPConnection object at 0x00000159B67DE088>: Failed to establish a new connection: [WinError 10061] 대상 컴퓨터에서 연결을 거부했으므로 연결하지 못했습니다')': /session/745cb991bd036075398070987b998ff5/window
2021-12-09 18:26:09,954 | WARNING | Retrying (Retry(total=2, connect=None, read=None, redirect=None, status=None)) after connection broken by 'NewConnectionError('<urllib3.connection.HTTPConnection object at 0x00000159B67DE088>: Failed to establish a new connection: [WinError 10061] 대상 컴퓨터에서 연결을 거부했으므로 연결하지 못했습니다')': /session/745cb991bd036075398070987b998ff5/window
2021-12-09 18:26:11,992 | WARNING | Retrying (Retry(total=1, connect=None, read=None, redirect=None, status=None)) after connection broken by 'NewConnectionError('<urllib3.connection.HTTPConnection object at 0x00000159B66AFB48>: Failed to establish a new connection: [WinError 10061] 대상 컴퓨터에서 연결을 거부했으므로 연결하지 못했습니다')': /session/745cb991bd036075398070987b998ff5/window
2021-12-09 18:26:11,992 | WARNING | Retrying (Retry(total=1, connect=None, read=None, redirect=None, status=None)) after connection broken by 'NewConnectionError('<urllib3.connection.HTTPConnection object at 0x00000159B66AFB48>: Failed to establish a new connection: [WinError 10061] 대상 컴퓨터에서 연결을 거부했으므로 연결하지 못했습니다')': /session/745cb991bd036075398070987b998ff5/window
2021-12-09 18:26:19,399 | INFO | crawling | crawling_main() | crawling | C002/202/2202/army | 크롤링 시작
2021-12-09 18:26:19,399 | INFO | crawling | crawling_main() | crawling | C002/202/2202/army | 크롤링 시작
2021-12-09 18:26:25,461 | INFO | crawling | crawling_main() | crawling | C002/202/2202/army | 1 페이지
2021-12-09 18:26:25,461 | INFO | crawling | crawling_main() | crawling | C002/202/2202/army | 1 페이지
2021-12-09 18:26:30,489 | INFO | crawling | crawling_main() | crawling | C002/202/2202/army | 크롤링 대상 : 8 건
2021-12-09 18:26:30,489 | INFO | crawling | crawling_main() | crawling | C002/202/2202/army | 크롤링 대상 : 8 건
2021-12-09 18:26:30,531 | INFO | crawling | crawling_main() | crawling | C002/202/2202/army | 크롤링 대상 : 8 건
2021-12-09 18:26:30,531 | INFO | crawling | crawling_main() | crawling | C002/202/2202/army | 크롤링 대상 : 8 건
2021-12-09 18:27:46,503 | INFO | crawling | crawling_main() | crawling | C002/203/2308/researcher | 크롤링 시작
2021-12-09 18:27:46,503 | INFO | crawling | crawling_main() | crawling | C002/203/2308/researcher | 크롤링 시작
2021-12-09 18:27:52,716 | INFO | crawling | crawling_main() | crawling | C002/203/2308/researcher | 1 페이지
2021-12-09 18:27:52,716 | INFO | crawling | crawling_main() | crawling | C002/203/2308/researcher | 1 페이지
2021-12-09 18:27:57,738 | INFO | crawling | crawling_main() | crawling | C002/203/2308/researcher | 크롤링 대상 : 10 건
2021-12-09 18:27:57,738 | INFO | crawling | crawling_main() | crawling | C002/203/2308/researcher | 크롤링 대상 : 10 건
2021-12-09 18:27:57,775 | INFO | crawling | crawling_main() | crawling | C002/203/2308/researcher | 크롤링 대상 : 10 건
2021-12-09 18:27:57,775 | INFO | crawling | crawling_main() | crawling | C002/203/2308/researcher | 크롤링 대상 : 10 건
2021-12-09 18:32:00,560 | INFO | crawling | crawling_main() | crawling | C002/203/2308/researcher | 크롤링 시작
2021-12-09 18:32:00,560 | INFO | crawling | crawling_main() | crawling | C002/203/2308/researcher | 크롤링 시작
2021-12-09 18:32:06,812 | INFO | crawling | crawling_main() | crawling | C002/203/2308/researcher | 1 페이지
2021-12-09 18:32:06,812 | INFO | crawling | crawling_main() | crawling | C002/203/2308/researcher | 1 페이지
2021-12-09 18:32:11,840 | INFO | crawling | crawling_main() | crawling | C002/203/2308/researcher | 크롤링 대상 : 10 건
2021-12-09 18:32:11,840 | INFO | crawling | crawling_main() | crawling | C002/203/2308/researcher | 크롤링 대상 : 10 건
2021-12-09 18:32:11,883 | INFO | crawling | crawling_main() | crawling | C002/203/2308/researcher | 크롤링 대상 : 10 건
2021-12-09 18:32:11,883 | INFO | crawling | crawling_main() | crawling | C002/203/2308/researcher | 크롤링 대상 : 10 건
2021-12-09 18:36:23,978 | INFO | crawling | crawling_main() | crawling | C002/202/2203/pressrelease | 크롤링 시작
2021-12-09 18:36:23,978 | INFO | crawling | crawling_main() | crawling | C002/202/2203/pressrelease | 크롤링 시작
2021-12-09 18:36:24,005 | INFO | crawling | crawling_main() | crawling | C002/202/2203/pressrelease | 2 페이지
2021-12-09 18:36:24,005 | INFO | crawling | crawling_main() | crawling | C002/202/2203/pressrelease | 2 페이지
2021-12-09 18:36:29,017 | INFO | crawling | crawling_main() | crawling | C002/202/2203/pressrelease | 크롤링 대상 : 10 건
2021-12-09 18:36:29,017 | INFO | crawling | crawling_main() | crawling | C002/202/2203/pressrelease | 크롤링 대상 : 10 건
2021-12-09 18:37:46,356 | ERROR | crawling | crawling_main() | crawling | C002/202/2203/pressrelease | Exception time data '2021-12-01 11:00' does not match format '%Y%m%d%H%M%S'
2021-12-09 18:37:46,356 | ERROR | crawling | crawling_main() | crawling | C002/202/2203/pressrelease | Exception time data '2021-12-01 11:00' does not match format '%Y%m%d%H%M%S'
2021-12-09 18:41:34,697 | INFO | crawling | crawling_main() | crawling | C002/203/2308/researcher | 크롤링 시작
2021-12-09 18:41:34,697 | INFO | crawling | crawling_main() | crawling | C002/203/2308/researcher | 크롤링 시작
2021-12-09 18:41:40,894 | INFO | crawling | crawling_main() | crawling | C002/203/2308/researcher | 1 페이지
2021-12-09 18:41:40,894 | INFO | crawling | crawling_main() | crawling | C002/203/2308/researcher | 1 페이지
2021-12-09 18:41:45,935 | INFO | crawling | crawling_main() | crawling | C002/203/2308/researcher | 크롤링 대상 : 10 건
2021-12-09 18:41:45,935 | INFO | crawling | crawling_main() | crawling | C002/203/2308/researcher | 크롤링 대상 : 10 건
2021-12-09 18:41:45,987 | INFO | crawling | crawling_main() | crawling | C002/203/2308/researcher | 크롤링 대상 : 10 건
2021-12-09 18:41:45,987 | INFO | crawling | crawling_main() | crawling | C002/203/2308/researcher | 크롤링 대상 : 10 건
2021-12-09 18:42:17,337 | ERROR | crawling | crawling_main() | crawling | C002/203/2308/researcher | Exception [WinError 183] 파일이 이미 있으므로 만들 수 없습니다: 'C:/mou/datalake/nams\\C002\\203\\2308\\researcher\\2021\\12\\08\\61075\\pdf\\211209_국제학술회의 초청장_온라인_수정(1206)_최종.pdf' -> 'C:/mou/datalake/nams\\C002\\203\\2308\\researcher\\2021\\12\\08\\61075\\pdf\\61075_1.pdf'
2021-12-09 18:42:17,337 | ERROR | crawling | crawling_main() | crawling | C002/203/2308/researcher | Exception [WinError 183] 파일이 이미 있으므로 만들 수 없습니다: 'C:/mou/datalake/nams\\C002\\203\\2308\\researcher\\2021\\12\\08\\61075\\pdf\\211209_국제학술회의 초청장_온라인_수정(1206)_최종.pdf' -> 'C:/mou/datalake/nams\\C002\\203\\2308\\researcher\\2021\\12\\08\\61075\\pdf\\61075_1.pdf'
